<?xml version="1.0" encoding="UTF-8"?>
<?xml-stylesheet type="text/xsl" href="ivy-report.xsl"?>
<ivy-report version="1.0">
	<info
		organisation="test"
		module="test_2.12"
		revision="1.0-SNAPSHOT"
		conf="test"
		confs="compile, runtime, test, provided, optional, compile-internal, runtime-internal, test-internal, plugin, pom, scala-tool"
		date="20171113171103"/>
	<dependencies>
		<module organisation="com.novocode" name="junit-interface">
			<revision name="0.10" status="release" pubdate="20130730090827" resolver="sbt-chain" artresolver="sbt-chain" homepage="http://github.com/szeiger/junit-interface/" downloaded="false" searched="false" default="false" conf="default, compile, runtime, default(compile), master" position="3">
				<license name="Two-clause BSD-style license" url="http://github.com/szeiger/junit-interface/blob/master/LICENSE.txt"/>
				<metadata-artifact status="no" details="" size="2921" time="0" location="C:\Users\Harsh\.ivy2\cache\com.novocode\junit-interface\ivy-0.10.xml" searched="false" origin-is-local="false" origin-location="https://repo1.maven.org/maven2/com/novocode/junit-interface/0.10/junit-interface-0.10.pom"/>
				<caller organisation="test" name="test_2.12" conf="test, compile, runtime" rev="0.10" rev-constraint-default="0.10" rev-constraint-dynamic="0.10" callerrev="1.0-SNAPSHOT"/>
				<artifacts>
					<artifact name="junit-interface" type="jar" ext="jar" status="no" details="" size="22633" time="0" location="C:\Users\Harsh\.ivy2\cache\com.novocode\junit-interface\jars\junit-interface-0.10.jar">
						<origin-location is-local="false" location="https://repo1.maven.org/maven2/com/novocode/junit-interface/0.10/junit-interface-0.10.jar"/>
					</artifact>
				</artifacts>
			</revision>
		</module>
		<module organisation="org.scala-tools.testing" name="test-interface">
			<revision name="0.5" status="release" pubdate="20100327183658" resolver="sbt-chain" artresolver="sbt-chain" homepage="" downloaded="false" searched="false" default="false" conf="compile, runtime(*), master(compile), runtime, compile(*), master" position="5">
				<metadata-artifact status="no" details="" size="2363" time="0" location="C:\Users\Harsh\.ivy2\cache\org.scala-tools.testing\test-interface\ivy-0.5.xml" searched="false" origin-is-local="false" origin-location="https://repo1.maven.org/maven2/org/scala-tools/testing/test-interface/0.5/test-interface-0.5.pom"/>
				<caller organisation="com.novocode" name="junit-interface" conf="default, compile, runtime, master" rev="0.5" rev-constraint-default="0.5" rev-constraint-dynamic="0.5" callerrev="0.10"/>
				<artifacts>
					<artifact name="test-interface" type="jar" ext="jar" status="no" details="" size="4407" time="0" location="C:\Users\Harsh\.ivy2\cache\org.scala-tools.testing\test-interface\jars\test-interface-0.5.jar">
						<origin-location is-local="false" location="https://repo1.maven.org/maven2/org/scala-tools/testing/test-interface/0.5/test-interface-0.5.jar"/>
					</artifact>
				</artifacts>
			</revision>
		</module>
		<module organisation="junit" name="junit-dep">
			<revision name="4.10" status="release" pubdate="20110929141235" resolver="sbt-chain" artresolver="sbt-chain" homepage="http://junit.org" downloaded="false" searched="false" default="false" conf="compile, runtime(*), master(compile), runtime, compile(*), master" position="4">
				<license name="Common Public License Version 1.0" url="http://www.opensource.org/licenses/cpl1.0.txt"/>
				<metadata-artifact status="no" details="" size="2940" time="0" location="C:\Users\Harsh\.ivy2\cache\junit\junit-dep\ivy-4.10.xml" searched="false" origin-is-local="false" origin-location="https://repo1.maven.org/maven2/junit/junit-dep/4.10/junit-dep-4.10.pom"/>
				<caller organisation="com.novocode" name="junit-interface" conf="default, compile, runtime, master" rev="4.10" rev-constraint-default="4.10" rev-constraint-dynamic="4.10" callerrev="0.10"/>
				<artifacts>
					<artifact name="junit-dep" type="jar" ext="jar" status="no" details="" size="234088" time="0" location="C:\Users\Harsh\.ivy2\cache\junit\junit-dep\jars\junit-dep-4.10.jar">
						<origin-location is-local="false" location="https://repo1.maven.org/maven2/junit/junit-dep/4.10/junit-dep-4.10.jar"/>
					</artifact>
				</artifacts>
			</revision>
		</module>
		<module organisation="org.javassist" name="javassist">
			<revision name="3.22.0-GA" status="release" pubdate="20171010130526" resolver="sbt-chain" artresolver="sbt-chain" homepage="http://www.javassist.org/" downloaded="false" searched="false" default="false" conf="default, compile, runtime, default(compile), master" position="2">
				<license name="MPL 1.1" url="http://www.mozilla.org/MPL/MPL-1.1.html"/>
				<license name="LGPL 2.1" url="http://www.gnu.org/licenses/lgpl-2.1.html"/>
				<license name="Apache License 2.0" url="http://www.apache.org/licenses/"/>
				<metadata-artifact status="no" details="" size="3239" time="0" location="C:\Users\Harsh\.ivy2\cache\org.javassist\javassist\ivy-3.22.0-GA.xml" searched="false" origin-is-local="false" origin-location="https://repo1.maven.org/maven2/org/javassist/javassist/3.22.0-GA/javassist-3.22.0-GA.pom"/>
				<caller organisation="test" name="test_2.12" conf="test, compile, runtime" rev="3.22.0-GA" rev-constraint-default="3.22.0-GA" rev-constraint-dynamic="3.22.0-GA" callerrev="1.0-SNAPSHOT"/>
				<artifacts>
					<artifact name="javassist" type="bundle" ext="jar" status="no" details="" size="739582" time="0" location="C:\Users\Harsh\.ivy2\cache\org.javassist\javassist\bundles\javassist-3.22.0-GA.jar">
						<origin-location is-local="false" location="https://repo1.maven.org/maven2/org/javassist/javassist/3.22.0-GA/javassist-3.22.0-GA.jar"/>
					</artifact>
				</artifacts>
			</revision>
		</module>
		<module organisation="junit" name="junit">
			<revision name="4.12" status="release" pubdate="20141204101743" resolver="sbt-chain" artresolver="sbt-chain" homepage="http://junit.org" downloaded="false" searched="false" default="false" conf="default, compile, runtime, default(compile), master" position="0">
				<license name="Eclipse Public License 1.0" url="http://www.eclipse.org/legal/epl-v10.html"/>
				<metadata-artifact status="no" details="" size="3354" time="0" location="C:\Users\Harsh\.ivy2\cache\junit\junit\ivy-4.12.xml" searched="false" origin-is-local="false" origin-location="https://repo1.maven.org/maven2/junit/junit/4.12/junit-4.12.pom"/>
				<caller organisation="test" name="test_2.12" conf="test, compile, runtime" rev="4.12" rev-constraint-default="4.12" rev-constraint-dynamic="4.12" callerrev="1.0-SNAPSHOT"/>
				<artifacts>
					<artifact name="junit" type="jar" ext="jar" status="no" details="" size="314932" time="0" location="C:\Users\Harsh\.ivy2\cache\junit\junit\jars\junit-4.12.jar">
						<origin-location is-local="false" location="https://repo1.maven.org/maven2/junit/junit/4.12/junit-4.12.jar"/>
					</artifact>
				</artifacts>
			</revision>
		</module>
		<module organisation="org.hamcrest" name="hamcrest-core">
			<revision name="1.3" status="release" pubdate="20120709160802" resolver="sbt-chain" artresolver="sbt-chain" homepage="" downloaded="false" searched="false" default="false" conf="compile, runtime(*), master(compile), runtime, compile(*), master" position="1">
				<license name="New BSD License" url="http://www.opensource.org/licenses/bsd-license.php"/>
				<metadata-artifact status="no" details="" size="2647" time="0" location="C:\Users\Harsh\.ivy2\cache\org.hamcrest\hamcrest-core\ivy-1.3.xml" searched="false" origin-is-local="false" origin-location="https://repo1.maven.org/maven2/org/hamcrest/hamcrest-core/1.3/hamcrest-core-1.3.pom"/>
				<caller organisation="junit" name="junit" conf="default, compile, runtime, master" rev="1.3" rev-constraint-default="1.3" rev-constraint-dynamic="1.3" callerrev="4.12"/>
				<caller organisation="junit" name="junit-dep" conf="compile, runtime" rev="1.1" rev-constraint-default="1.1" rev-constraint-dynamic="1.1" callerrev="4.10"/>
				<artifacts>
					<artifact name="hamcrest-core" type="jar" ext="jar" status="no" details="" size="45024" time="0" location="C:\Users\Harsh\.ivy2\cache\org.hamcrest\hamcrest-core\jars\hamcrest-core-1.3.jar">
						<origin-location is-local="false" location="https://repo1.maven.org/maven2/org/hamcrest/hamcrest-core/1.3/hamcrest-core-1.3.jar"/>
					</artifact>
				</artifacts>
			</revision>
			<revision name="1.1" evicted="latest-revision" evicted-reason="" downloaded="false" searched="false" conf="compile, runtime(*), master(compile), runtime, compile(*), master" position="-1">
				<evicted-by rev="1.3"/>
				<caller organisation="junit" name="junit-dep" conf="compile, runtime" rev="1.1" rev-constraint-default="1.1" rev-constraint-dynamic="1.1" callerrev="4.10"/>
				<artifacts>
				</artifacts>
			</revision>
		</module>
	</dependencies>
</ivy-report>
